2024-04-23 16:51:52 - __main__ - INFO - 
===============
FORMATO
app.log: Descartado, formato inválido.
modelo MM - PETORCA 28.12.xlsx: OK

2024-04-23 16:52:35 - __main__ - INFO - 
===============
FORMATO
app.log: Descartado, formato inválido.
modelo MM - PETORCA 28.12.xlsx: OK

2024-04-23 16:53:17 - __main__ - INFO - 
=============
ALGORITMO
modelo MM - PETORCA 28.12.xlsx: OK.
2024-04-23 16:53:46 - __main__ - INFO - 
===============
FORMATO
app.log: Descartado, formato inválido.
output_modelo MM - PETORCA 28.12.xlsx.xlsx: OK

2024-04-23 16:54:11 - __main__ - INFO - 
===============
FORMATO
app.log: Descartado, formato inválido.
modelo MM - PETORCA 28.12.xlsx: OK

